<?xml version="1.0" encoding="UTF-8"?>
<testsuite xmlns:xsi="http://www.w3.org/2001/XMLSchema-instance" xsi:noNamespaceSchemaLocation="https://maven.apache.org/surefire/maven-surefire-plugin/xsd/surefire-test-report-3.0.xsd" version="3.0" name="fijalkowskim.fijalkowskim_eshopping.model.ShopItemTest" time="0.018" tests="8" errors="0" skipped="0" failures="0">
  <properties>
[...]
</properties>
  <testcase name="testShopItemConstructorData(String, float, String, String, float, String)[1]" classname="fijalkowskim.fijalkowskim_eshopping.model.ShopItemTest" time="0.001"/>
  <testcase name="testShopItemConstructorData(String, float, String, String, float, String)[2]" classname="fijalkowskim.fijalkowskim_eshopping.model.ShopItemTest" time="0.002"/>
  <testcase name="testShopItemConstructorData(String, float, String, String, float, String)[3]" classname="fijalkowskim.fijalkowskim_eshopping.model.ShopItemTest" time="0.001"/>
  <testcase name="testShopItemConstructorData(String, float, String, String, float, String)[4]" classname="fijalkowskim.fijalkowskim_eshopping.model.ShopItemTest" time="0.001"/>
  <testcase name="testGetShopItemData(String, float, String, String, float, String)[1]" classname="fijalkowskim.fijalkowskim_eshopping.model.ShopItemTest" time="0.002"/>
  <testcase name="testGetShopItemData(String, float, String, String, float, String)[2]" classname="fijalkowskim.fijalkowskim_eshopping.model.ShopItemTest" time="0.0"/>
  <testcase name="testGetShopItemData(String, float, String, String, float, String)[3]" classname="fijalkowskim.fijalkowskim_eshopping.model.ShopItemTest" time="0.001"/>
  <testcase name="testGetShopItemData(String, float, String, String, float, String)[4]" classname="fijalkowskim.fijalkowskim_eshopping.model.ShopItemTest" time="0.001"/>
</testsuite>